Output: double to the console and to the file out+err
Program arguments: 
Файл конфигурации src/main/resources/conf.properties присутствует
startTests arguments: Pass, Head, User, Filter
Повторов 50 Задержка 1000 Печать 4
Открытие страницы http://tdms-srv2a.csoft-msc.ru:777/client/?classic#objects
login= SYSADMIN   password= 753951
-------------- старт Pass Повтор 0 ------------
-------------- стоп Pass Повтор 0  --------------
-------------- старт Head Повтор 0 ------------
-------------- стоп Head Повтор 0  --------------
-------------- старт User Повтор 0 ------------
-------------- стоп User Повтор 0  --------------
-------------- старт Filter Повтор 0 ------------
-------------- стоп Filter Повтор 0  --------------
-------------- старт Pass Повтор 1 ------------
-------------- стоп Pass Повтор 1  --------------
-------------- старт Head Повтор 1 ------------
-------------- стоп Head Повтор 1  --------------
-------------- старт User Повтор 1 ------------
-------------- стоп User Повтор 1  --------------
-------------- старт Filter Повтор 1 ------------
-------------- стоп Filter Повтор 1  --------------
-------------- старт Pass Повтор 2 ------------

Failures (6):
  JUnit Jupiter:Pass Change Test:1. Создание нового пользователя ChangePass
    MethodSource [className = 'ru.cs.tdm.cases.ChangePass', methodName = 'n01_CreateUserChangePass', methodParameterTypes = '']
    => org.opentest4j.AssertionFailedError: expected: <true> but was: <false>
       org.junit.jupiter.api.AssertionFailureBuilder.build(AssertionFailureBuilder.java:151)
       org.junit.jupiter.api.AssertionFailureBuilder.buildAndThrow(AssertionFailureBuilder.java:132)
       org.junit.jupiter.api.AssertTrue.failNotTrue(AssertTrue.java:63)
       org.junit.jupiter.api.AssertTrue.assertTrue(AssertTrue.java:36)
       org.junit.jupiter.api.AssertTrue.assertTrue(AssertTrue.java:31)
       org.junit.jupiter.api.Assertions.assertTrue(Assertions.java:180)
       ru.cs.tdm.cases.ChangePass.n01_CreateUserChangePass(ChangePass.kt:166)
       java.base/jdk.internal.reflect.NativeMethodAccessorImpl.invoke0(Native Method)
       java.base/jdk.internal.reflect.NativeMethodAccessorImpl.invoke(NativeMethodAccessorImpl.java:62)
       java.base/jdk.internal.reflect.DelegatingMethodAccessorImpl.invoke(DelegatingMethodAccessorImpl.java:43)
       [...]
  JUnit Jupiter:Pass Change Test:2. Заполнение нового пользователя ChangePass
    MethodSource [className = 'ru.cs.tdm.cases.ChangePass', methodName = 'n02_FillingChangePass', methodParameterTypes = '']
    => org.openqa.selenium.TimeoutException: Expected condition failed: waiting for element to be clickable: Proxy element for: DefaultElementLocator 'By.xpath: //span[contains(text(),'Пользователь:')]/ancestor::label/following-sibling::div//descendant::input' (tried for 20 second(s) with 500 milliseconds interval)
       org.openqa.selenium.support.ui.WebDriverWait.timeoutException(WebDriverWait.java:87)
       org.openqa.selenium.support.ui.FluentWait.until(FluentWait.java:231)
       ru.cs.tdm.pages.LoginPage.inputLogin(LoginPage.kt:81)
       ru.cs.tdm.code.Login.loginIn(Login.kt:31)
       ru.cs.tdm.cases.ChangePass.beforeEach(ChangePass.kt:79)
       [...]
     Caused by: org.openqa.selenium.NoSuchElementException: no such element: Unable to locate element: {"method":"xpath","selector":"//span[contains(text(),'Пользователь:')]/ancestor::label/following-sibling::div//descendant::input"}
  (Session info: chrome=108.0.5359.125)
For documentation on this error, please visit: https://selenium.dev/exceptions/#no_such_element
Build info: version: '4.7.2', revision: '4d4020c3b7'
System info: os.name: 'Windows 10', os.arch: 'amd64', os.version: '10.0', java.version: '11.0.14.1'
Driver info: org.openqa.selenium.chrome.ChromeDriver
Command: [1ad30836ca9a068ea7df54ea98f92c54, findElement {using=xpath, value=//span[contains(text(),'Пользователь:')]/ancestor::label/following-sibling::div//descendant::input}]
Capabilities {acceptInsecureCerts: false, browserName: chrome, browserVersion: 108.0.5359.125, chrome: {chromedriverVersion: 108.0.5359.71 (1e0e3868ee06..., userDataDir: C:\Users\CSoft\AppData\Loca...}, goog:chromeOptions: {debuggerAddress: localhost:63234}, networkConnectionEnabled: false, pageLoadStrategy: normal, platformName: WINDOWS, proxy: Proxy(), se:cdp: ws://localhost:63234/devtoo..., se:cdpVersion: 108.0.5359.125, setWindowRect: true, strictFileInteractability: false, timeouts: {implicit: 0, pageLoad: 300000, script: 30000}, unhandledPromptBehavior: dismiss and notify, webauthn:extension:credBlob: true, webauthn:extension:largeBlob: true, webauthn:virtualAuthenticators: true}
Session ID: 1ad30836ca9a068ea7df54ea98f92c54
       jdk.internal.reflect.GeneratedConstructorAccessor21.newInstance(Unknown Source)
       java.base/jdk.internal.reflect.DelegatingConstructorAccessorImpl.newInstance(DelegatingConstructorAccessorImpl.java:45)
       java.base/java.lang.reflect.Constructor.newInstance(Constructor.java:490)
       org.openqa.selenium.remote.codec.w3c.W3CHttpResponseCodec.createException(W3CHttpResponseCodec.java:200)
       org.openqa.selenium.remote.codec.w3c.W3CHttpResponseCodec.decode(W3CHttpResponseCodec.java:133)
       [...]
  JUnit Jupiter:Pass Change Test:4. Смена пользовательского пароля ChangePass
    MethodSource [className = 'ru.cs.tdm.cases.ChangePass', methodName = 'n04_changeUserPass', methodParameterTypes = '']
    => org.openqa.selenium.TimeoutException: Expected condition failed: waiting for element to be clickable: Proxy element for: DefaultElementLocator 'By.xpath: //span[contains(text(),'Пользователь:')]/ancestor::label/following-sibling::div//descendant::input' (tried for 20 second(s) with 500 milliseconds interval)
       org.openqa.selenium.support.ui.WebDriverWait.timeoutException(WebDriverWait.java:87)
       org.openqa.selenium.support.ui.FluentWait.until(FluentWait.java:231)
       ru.cs.tdm.pages.LoginPage.inputLogin(LoginPage.kt:81)
       ru.cs.tdm.code.Login.loginIn(Login.kt:31)
       ru.cs.tdm.cases.ChangePass.n04_changeUserPass(ChangePass.kt:249)
       [...]
     Caused by: org.openqa.selenium.NoSuchElementException: no such element: Unable to locate element: {"method":"xpath","selector":"//span[contains(text(),'Пользователь:')]/ancestor::label/following-sibling::div//descendant::input"}
  (Session info: chrome=108.0.5359.125)
For documentation on this error, please visit: https://selenium.dev/exceptions/#no_such_element
Build info: version: '4.7.2', revision: '4d4020c3b7'
System info: os.name: 'Windows 10', os.arch: 'amd64', os.version: '10.0', java.version: '11.0.14.1'
Driver info: org.openqa.selenium.chrome.ChromeDriver
Command: [1ad30836ca9a068ea7df54ea98f92c54, findElement {using=xpath, value=//span[contains(text(),'Пользователь:')]/ancestor::label/following-sibling::div//descendant::input}]
Capabilities {acceptInsecureCerts: false, browserName: chrome, browserVersion: 108.0.5359.125, chrome: {chromedriverVersion: 108.0.5359.71 (1e0e3868ee06..., userDataDir: C:\Users\CSoft\AppData\Loca...}, goog:chromeOptions: {debuggerAddress: localhost:63234}, networkConnectionEnabled: false, pageLoadStrategy: normal, platformName: WINDOWS, proxy: Proxy(), se:cdp: ws://localhost:63234/devtoo..., se:cdpVersion: 108.0.5359.125, setWindowRect: true, strictFileInteractability: false, timeouts: {implicit: 0, pageLoad: 300000, script: 30000}, unhandledPromptBehavior: dismiss and notify, webauthn:extension:credBlob: true, webauthn:extension:largeBlob: true, webauthn:virtualAuthenticators: true}
Session ID: 1ad30836ca9a068ea7df54ea98f92c54
       jdk.internal.reflect.GeneratedConstructorAccessor21.newInstance(Unknown Source)
       java.base/jdk.internal.reflect.DelegatingConstructorAccessorImpl.newInstance(DelegatingConstructorAccessorImpl.java:45)
       java.base/java.lang.reflect.Constructor.newInstance(Constructor.java:490)
       org.openqa.selenium.remote.codec.w3c.W3CHttpResponseCodec.createException(W3CHttpResponseCodec.java:200)
       org.openqa.selenium.remote.codec.w3c.W3CHttpResponseCodec.decode(W3CHttpResponseCodec.java:133)
       [...]
  JUnit Jupiter:Pass Change Test:5. Смена пользовательского пароля ChangePass
    MethodSource [className = 'ru.cs.tdm.cases.ChangePass', methodName = 'n05_changeUserPass', methodParameterTypes = '']
    => org.opentest4j.AssertionFailedError: expected: <true> but was: <false>
       org.junit.jupiter.api.AssertionFailureBuilder.build(AssertionFailureBuilder.java:151)
       org.junit.jupiter.api.AssertionFailureBuilder.buildAndThrow(AssertionFailureBuilder.java:132)
       org.junit.jupiter.api.AssertTrue.failNotTrue(AssertTrue.java:63)
       org.junit.jupiter.api.AssertTrue.assertTrue(AssertTrue.java:36)
       org.junit.jupiter.api.AssertTrue.assertTrue(AssertTrue.java:31)
       org.junit.jupiter.api.Assertions.assertTrue(Assertions.java:180)
       ru.cs.tdm.cases.ChangePass.n05_changeUserPass(ChangePass.kt:267)
       java.base/jdk.internal.reflect.NativeMethodAccessorImpl.invoke0(Native Method)
       java.base/jdk.internal.reflect.NativeMethodAccessorImpl.invoke(NativeMethodAccessorImpl.java:62)
       java.base/jdk.internal.reflect.DelegatingMethodAccessorImpl.invoke(DelegatingMethodAccessorImpl.java:43)
       [...]
  JUnit Jupiter:Pass Change Test:9. Удаление пользователя ChangePass
    MethodSource [className = 'ru.cs.tdm.cases.ChangePass', methodName = 'n09_deleteUserPass', methodParameterTypes = '']
    => org.openqa.selenium.TimeoutException: Expected condition failed: waiting for title to contain "TDM365". Current title: "Tdms" (tried for 7 second(s) with 1000 milliseconds interval)
Build info: version: '4.7.2', revision: '4d4020c3b7'
System info: os.name: 'Windows 10', os.arch: 'amd64', os.version: '10.0', java.version: '11.0.14.1'
Driver info: driver.version: unknown
       org.openqa.selenium.support.ui.FluentWait.timeoutException(FluentWait.java:263)
       org.openqa.selenium.support.ui.FluentWait.until(FluentWait.java:231)
       ru.cs.tdm.code.Tools.titleContain(Tools.kt:186)
       ru.cs.tdm.cases.ChangePass.openAllUsers(ChangePass.kt:94)
       ru.cs.tdm.cases.ChangePass.n09_deleteUserPass(ChangePass.kt:298)
       [...]
       Suppressed: org.openqa.selenium.NoSuchWindowException: no such window: target window already closed
from unknown error: web view not found
  (Session info: chrome=108.0.5359.125)
Build info: version: '4.7.2', revision: '4d4020c3b7'
System info: os.name: 'Windows 10', os.arch: 'amd64', os.version: '10.0', java.version: '11.0.14.1'
Driver info: org.openqa.selenium.chrome.ChromeDriver
Command: [1ad30836ca9a068ea7df54ea98f92c54, findElements {using=xpath, value=//html/body/descendant::*[contains(@data-qtip, 'Выйти из приложения')]}]
Capabilities {acceptInsecureCerts: false, browserName: chrome, browserVersion: 108.0.5359.125, chrome: {chromedriverVersion: 108.0.5359.71 (1e0e3868ee06..., userDataDir: C:\Users\CSoft\AppData\Loca...}, goog:chromeOptions: {debuggerAddress: localhost:63234}, networkConnectionEnabled: false, pageLoadStrategy: normal, platformName: WINDOWS, proxy: Proxy(), se:cdp: ws://localhost:63234/devtoo..., se:cdpVersion: 108.0.5359.125, setWindowRect: true, strictFileInteractability: false, timeouts: {implicit: 0, pageLoad: 300000, script: 30000}, unhandledPromptBehavior: dismiss and notify, webauthn:extension:credBlob: true, webauthn:extension:largeBlob: true, webauthn:virtualAuthenticators: true}
Session ID: 1ad30836ca9a068ea7df54ea98f92c54
         java.base/jdk.internal.reflect.NativeConstructorAccessorImpl.newInstance0(Native Method)
         java.base/jdk.internal.reflect.NativeConstructorAccessorImpl.newInstance(NativeConstructorAccessorImpl.java:62)
         java.base/jdk.internal.reflect.DelegatingConstructorAccessorImpl.newInstance(DelegatingConstructorAccessorImpl.java:45)
         java.base/java.lang.reflect.Constructor.newInstance(Constructor.java:490)
         org.openqa.selenium.remote.codec.w3c.W3CHttpResponseCodec.createException(W3CHttpResponseCodec.java:200)
         [...]
  JUnit Jupiter:Pass Change Test
    ClassSource [className = 'ru.cs.tdm.cases.ChangePass', filePosition = null]
    => org.openqa.selenium.NoSuchWindowException: no such window: target window already closed
from unknown error: web view not found
  (Session info: chrome=108.0.5359.125)
Build info: version: '4.7.2', revision: '4d4020c3b7'
System info: os.name: 'Windows 10', os.arch: 'amd64', os.version: '10.0', java.version: '11.0.14.1'
Driver info: org.openqa.selenium.chrome.ChromeDriver
Command: [1ad30836ca9a068ea7df54ea98f92c54, actions {actions=[org.openqa.selenium.interactions.Sequence@17750346]}]
Capabilities {acceptInsecureCerts: false, browserName: chrome, browserVersion: 108.0.5359.125, chrome: {chromedriverVersion: 108.0.5359.71 (1e0e3868ee06..., userDataDir: C:\Users\CSoft\AppData\Loca...}, goog:chromeOptions: {debuggerAddress: localhost:63234}, networkConnectionEnabled: false, pageLoadStrategy: normal, platformName: WINDOWS, proxy: Proxy(), se:cdp: ws://localhost:63234/devtoo..., se:cdpVersion: 108.0.5359.125, setWindowRect: true, strictFileInteractability: false, timeouts: {implicit: 0, pageLoad: 300000, script: 30000}, unhandledPromptBehavior: dismiss and notify, webauthn:extension:credBlob: true, webauthn:extension:largeBlob: true, webauthn:virtualAuthenticators: true}
Session ID: 1ad30836ca9a068ea7df54ea98f92c54
       java.base/jdk.internal.reflect.NativeConstructorAccessorImpl.newInstance0(Native Method)
       java.base/jdk.internal.reflect.NativeConstructorAccessorImpl.newInstance(NativeConstructorAccessorImpl.java:62)
       java.base/jdk.internal.reflect.DelegatingConstructorAccessorImpl.newInstance(DelegatingConstructorAccessorImpl.java:45)
       java.base/java.lang.reflect.Constructor.newInstance(Constructor.java:490)
       org.openqa.selenium.remote.codec.w3c.W3CHttpResponseCodec.createException(W3CHttpResponseCodec.java:200)
       org.openqa.selenium.remote.codec.w3c.W3CHttpResponseCodec.decode(W3CHttpResponseCodec.java:133)
       org.openqa.selenium.remote.codec.w3c.W3CHttpResponseCodec.decode(W3CHttpResponseCodec.java:53)
       org.openqa.selenium.remote.HttpCommandExecutor.execute(HttpCommandExecutor.java:184)
       org.openqa.selenium.remote.service.DriverCommandExecutor.invokeExecute(DriverCommandExecutor.java:167)
       org.openqa.selenium.remote.service.DriverCommandExecutor.execute(DriverCommandExecutor.java:142)
       [...]
-------------- стоп Pass Повтор 2  --------------
-------------- старт Head Повтор 2 ------------
-------------- стоп Head Повтор 2  --------------
-------------- старт User Повтор 2 ------------
-------------- стоп User Повтор 2  --------------
-------------- старт Filter Повтор 2 ------------
-------------- стоп Filter Повтор 2  --------------
-------------- старт Pass Повтор 3 ------------
-------------- стоп Pass Повтор 3  --------------
-------------- старт Head Повтор 3 ------------
-------------- стоп Head Повтор 3  --------------
-------------- старт User Повтор 3 ------------
-------------- стоп User Повтор 3  --------------
-------------- старт Filter Повтор 3 ------------

Failures (1):
  JUnit Jupiter:Filter Test:Заполнение ссылочных полей фильтра:repetition 1 of 1
    MethodSource [className = 'ru.cs.tdm.cases.Filter', methodName = 'n04_EditFilterTest', methodParameterTypes = 'org.junit.jupiter.api.RepetitionInfo']
    => org.opentest4j.AssertionFailedError: expected: <true> but was: <false>
       org.junit.jupiter.api.AssertionFailureBuilder.build(AssertionFailureBuilder.java:151)
       org.junit.jupiter.api.AssertionFailureBuilder.buildAndThrow(AssertionFailureBuilder.java:132)
       org.junit.jupiter.api.AssertTrue.failNotTrue(AssertTrue.java:63)
       org.junit.jupiter.api.AssertTrue.assertTrue(AssertTrue.java:36)
       org.junit.jupiter.api.AssertTrue.assertTrue(AssertTrue.java:31)
       org.junit.jupiter.api.Assertions.assertTrue(Assertions.java:180)
       ru.cs.tdm.cases.Filter.n04_EditFilterTest(Filter.kt:359)
       java.base/jdk.internal.reflect.NativeMethodAccessorImpl.invoke0(Native Method)
       java.base/jdk.internal.reflect.NativeMethodAccessorImpl.invoke(NativeMethodAccessorImpl.java:62)
       java.base/jdk.internal.reflect.DelegatingMethodAccessorImpl.invoke(DelegatingMethodAccessorImpl.java:43)
       [...]
-------------- стоп Filter Повтор 3  --------------
-------------- старт Pass Повтор 4 ------------
-------------- стоп Pass Повтор 4  --------------
-------------- старт Head Повтор 4 ------------
-------------- стоп Head Повтор 4  --------------
-------------- старт User Повтор 4 ------------
-------------- стоп User Повтор 4  --------------
-------------- старт Filter Повтор 4 ------------
-------------- стоп Filter Повтор 4  --------------
-------------- старт Pass Повтор 5 ------------
-------------- стоп Pass Повтор 5  --------------
-------------- старт Head Повтор 5 ------------
-------------- стоп Head Повтор 5  --------------
-------------- старт User Повтор 5 ------------

Failures (1):
  JUnit Jupiter:Administration users group Test:Создать пользователя:repetition 1 of 1
    MethodSource [className = 'ru.cs.tdm.cases.AdminUser', methodName = 'n04_createUserTest', methodParameterTypes = 'org.junit.jupiter.api.RepetitionInfo']
    => org.openqa.selenium.TimeoutException: Expected condition failed: waiting for ru.cs.tdm.code.Tools$$Lambda$833/0x000000080056a040@1b485584 (tried for 7 second(s) with 1000 milliseconds interval)
       org.openqa.selenium.support.ui.FluentWait.timeoutException(FluentWait.java:263)
       org.openqa.selenium.support.ui.FluentWait.until(FluentWait.java:231)
       ru.cs.tdm.code.Tools.referenceClickLast(Tools.kt:133)
       ru.cs.tdm.cases.AdminUser.n04_createUserTest(AdminUser.kt:248)
       java.base/jdk.internal.reflect.NativeMethodAccessorImpl.invoke0(Native Method)
       [...]
     Caused by: org.openqa.selenium.ElementClickInterceptedException: element click intercepted: Element <div class="x-btn tdms-form-button x-unselectable x-item-disabled x-abs-layout-item x-btn-default-small x-btn-disabled" style="z-index:2000;left:654px;top:93px;width:27px;height:25px;" data-reference="BUTTON_USER_EDIT" role="button" aria-hidden="false" aria-disabled="true" id="button-1295">...</div> is not clickable at point (1272, 400). Other element would receive the click: <div id="tdmsFormView-1279-innerCt" data-ref="innerCt" style="padding:5px 5px 5px 5px" role="presentation" class="x-autocontainer-innerCt">...</div>
  (Session info: chrome=108.0.5359.125)
Build info: version: '4.7.2', revision: '4d4020c3b7'
System info: os.name: 'Windows 10', os.arch: 'amd64', os.version: '10.0', java.version: '11.0.14.1'
Driver info: org.openqa.selenium.chrome.ChromeDriver
Command: [a0860de2dd89714cdc868a8937b64104, clickElement {id=941c8b90-a787-48d4-abb9-b605360c7f5d}]
Capabilities {acceptInsecureCerts: false, browserName: chrome, browserVersion: 108.0.5359.125, chrome: {chromedriverVersion: 108.0.5359.71 (1e0e3868ee06..., userDataDir: C:\Users\CSoft\AppData\Loca...}, goog:chromeOptions: {debuggerAddress: localhost:64997}, networkConnectionEnabled: false, pageLoadStrategy: normal, platformName: WINDOWS, proxy: Proxy(), se:cdp: ws://localhost:64997/devtoo..., se:cdpVersion: 108.0.5359.125, setWindowRect: true, strictFileInteractability: false, timeouts: {implicit: 0, pageLoad: 300000, script: 30000}, unhandledPromptBehavior: dismiss and notify, webauthn:extension:credBlob: true, webauthn:extension:largeBlob: true, webauthn:virtualAuthenticators: true}
Element: [[ChromeDriver: chrome on WINDOWS (a0860de2dd89714cdc868a8937b64104)] -> xpath: //html/body/descendant::*[@data-reference='BUTTON_USER_EDIT']]
Session ID: a0860de2dd89714cdc868a8937b64104
       jdk.internal.reflect.GeneratedConstructorAccessor22.newInstance(Unknown Source)
       java.base/jdk.internal.reflect.DelegatingConstructorAccessorImpl.newInstance(DelegatingConstructorAccessorImpl.java:45)
       java.base/java.lang.reflect.Constructor.newInstance(Constructor.java:490)
       org.openqa.selenium.remote.codec.w3c.W3CHttpResponseCodec.createException(W3CHttpResponseCodec.java:200)
       org.openqa.selenium.remote.codec.w3c.W3CHttpResponseCodec.decode(W3CHttpResponseCodec.java:133)
       [...]
-------------- стоп User Повтор 5  --------------
-------------- старт Filter Повтор 5 ------------
-------------- стоп Filter Повтор 5  --------------
-------------- старт Pass Повтор 6 ------------
-------------- стоп Pass Повтор 6  --------------
-------------- старт Head Повтор 6 ------------
-------------- стоп Head Повтор 6  --------------
-------------- старт User Повтор 6 ------------
-------------- стоп User Повтор 6  --------------
-------------- старт Filter Повтор 6 ------------
-------------- стоп Filter Повтор 6  --------------
-------------- старт Pass Повтор 7 ------------
-------------- стоп Pass Повтор 7  --------------
-------------- старт Head Повтор 7 ------------
-------------- стоп Head Повтор 7  --------------
-------------- старт User Повтор 7 ------------
-------------- стоп User Повтор 7  --------------
-------------- старт Filter Повтор 7 ------------

Failures (1):
  JUnit Jupiter:Filter Test:Заполнение дат и выпадающих фильтра:repetition 1 of 1
    MethodSource [className = 'ru.cs.tdm.cases.Filter', methodName = 'n06_EditFilterTest', methodParameterTypes = 'org.junit.jupiter.api.RepetitionInfo']
    => java.lang.AssertionError: Expected the char sequence to contain the substring.
CharSequence <NONE>, substring <Фильтр 1 10.01.2023>, ignoreCase <false>.
       kotlin.test.DefaultAsserter.fail(DefaultAsserter.kt:16)
       kotlin.test.Asserter$DefaultImpls.assertTrue(Assertions.kt:652)
       kotlin.test.DefaultAsserter.assertTrue(DefaultAsserter.kt:11)
       kotlin.test.AssertionsKt__AssertionsKt.assertContains(Assertions.kt:341)
       kotlin.test.AssertionsKt.assertContains(Unknown Source)
       kotlin.test.AssertionsKt__AssertionsKt.assertContains$default(Assertions.kt:340)
       kotlin.test.AssertionsKt.assertContains$default(Unknown Source)
       ru.cs.tdm.cases.Filter.clickFilter(Filter.kt:147)
       ru.cs.tdm.cases.Filter.clickFilter$default(Filter.kt:139)
       ru.cs.tdm.cases.Filter.n06_EditFilterTest(Filter.kt:410)
       [...]
-------------- стоп Filter Повтор 7  --------------
-------------- старт Pass Повтор 8 ------------
-------------- стоп Pass Повтор 8  --------------
-------------- старт Head Повтор 8 ------------
-------------- стоп Head Повтор 8  --------------
-------------- старт User Повтор 8 ------------
-------------- стоп User Повтор 8  --------------
-------------- старт Filter Повтор 8 ------------
-------------- стоп Filter Повтор 8  --------------
-------------- старт Pass Повтор 9 ------------
-------------- стоп Pass Повтор 9  --------------
-------------- старт Head Повтор 9 ------------
-------------- стоп Head Повтор 9  --------------
-------------- старт User Повтор 9 ------------
-------------- стоп User Повтор 9  --------------
-------------- старт Filter Повтор 9 ------------
-------------- стоп Filter Повтор 9  --------------
-------------- старт Pass Повтор 10 ------------
-------------- стоп Pass Повтор 10  --------------
-------------- старт Head Повтор 10 ------------
-------------- стоп Head Повтор 10  --------------
-------------- старт User Повтор 10 ------------
-------------- стоп User Повтор 10  --------------
-------------- старт Filter Повтор 10 ------------
-------------- стоп Filter Повтор 10  --------------
-------------- старт Pass Повтор 11 ------------
-------------- стоп Pass Повтор 11  --------------
-------------- старт Head Повтор 11 ------------
-------------- стоп Head Повтор 11  --------------
-------------- старт User Повтор 11 ------------
-------------- стоп User Повтор 11  --------------
-------------- старт Filter Повтор 11 ------------
-------------- стоп Filter Повтор 11  --------------
-------------- старт Pass Повтор 12 ------------
-------------- стоп Pass Повтор 12  --------------
-------------- старт Head Повтор 12 ------------
-------------- стоп Head Повтор 12  --------------
-------------- старт User Повтор 12 ------------
-------------- стоп User Повтор 12  --------------
-------------- старт Filter Повтор 12 ------------
-------------- стоп Filter Повтор 12  --------------
-------------- старт Pass Повтор 13 ------------
-------------- стоп Pass Повтор 13  --------------
-------------- старт Head Повтор 13 ------------
-------------- стоп Head Повтор 13  --------------
-------------- старт User Повтор 13 ------------
-------------- стоп User Повтор 13  --------------
-------------- старт Filter Повтор 13 ------------
-------------- стоп Filter Повтор 13  --------------
-------------- старт Pass Повтор 14 ------------
-------------- стоп Pass Повтор 14  --------------
-------------- старт Head Повтор 14 ------------
-------------- стоп Head Повтор 14  --------------
-------------- старт User Повтор 14 ------------
-------------- стоп User Повтор 14  --------------
-------------- старт Filter Повтор 14 ------------
-------------- стоп Filter Повтор 14  --------------
-------------- старт Pass Повтор 15 ------------
-------------- стоп Pass Повтор 15  --------------
-------------- старт Head Повтор 15 ------------
-------------- стоп Head Повтор 15  --------------
-------------- старт User Повтор 15 ------------
-------------- стоп User Повтор 15  --------------
-------------- старт Filter Повтор 15 ------------
-------------- стоп Filter Повтор 15  --------------
-------------- старт Pass Повтор 16 ------------
-------------- стоп Pass Повтор 16  --------------
-------------- старт Head Повтор 16 ------------
-------------- стоп Head Повтор 16  --------------
-------------- старт User Повтор 16 ------------
-------------- стоп User Повтор 16  --------------
-------------- старт Filter Повтор 16 ------------
-------------- стоп Filter Повтор 16  --------------
-------------- старт Pass Повтор 17 ------------
-------------- стоп Pass Повтор 17  --------------
-------------- старт Head Повтор 17 ------------
-------------- стоп Head Повтор 17  --------------
-------------- старт User Повтор 17 ------------
-------------- стоп User Повтор 17  --------------
-------------- старт Filter Повтор 17 ------------
-------------- стоп Filter Повтор 17  --------------
-------------- старт Pass Повтор 18 ------------
-------------- стоп Pass Повтор 18  --------------
-------------- старт Head Повтор 18 ------------
-------------- стоп Head Повтор 18  --------------
-------------- старт User Повтор 18 ------------
-------------- стоп User Повтор 18  --------------
-------------- старт Filter Повтор 18 ------------
-------------- стоп Filter Повтор 18  --------------
-------------- старт Pass Повтор 19 ------------
-------------- стоп Pass Повтор 19  --------------
-------------- старт Head Повтор 19 ------------
-------------- стоп Head Повтор 19  --------------
-------------- старт User Повтор 19 ------------
-------------- стоп User Повтор 19  --------------
-------------- старт Filter Повтор 19 ------------
-------------- стоп Filter Повтор 19  --------------
-------------- старт Pass Повтор 20 ------------
-------------- стоп Pass Повтор 20  --------------
-------------- старт Head Повтор 20 ------------
-------------- стоп Head Повтор 20  --------------
-------------- старт User Повтор 20 ------------
-------------- стоп User Повтор 20  --------------
-------------- старт Filter Повтор 20 ------------
-------------- стоп Filter Повтор 20  --------------
-------------- старт Pass Повтор 21 ------------
-------------- стоп Pass Повтор 21  --------------
-------------- старт Head Повтор 21 ------------
-------------- стоп Head Повтор 21  --------------
-------------- старт User Повтор 21 ------------
-------------- стоп User Повтор 21  --------------
-------------- старт Filter Повтор 21 ------------

Failures (1):
  JUnit Jupiter:Filter Test:Заполнение ссылочных полей фильтра:repetition 1 of 1
    MethodSource [className = 'ru.cs.tdm.cases.Filter', methodName = 'n04_EditFilterTest', methodParameterTypes = 'org.junit.jupiter.api.RepetitionInfo']
    => java.lang.AssertionError: Expected the char sequence to contain the substring.
CharSequence <>, substring <Проект сооружения омшанника>, ignoreCase <false>.
       kotlin.test.DefaultAsserter.fail(DefaultAsserter.kt:16)
       kotlin.test.Asserter$DefaultImpls.assertTrue(Assertions.kt:652)
       kotlin.test.DefaultAsserter.assertTrue(DefaultAsserter.kt:11)
       kotlin.test.AssertionsKt__AssertionsKt.assertContains(Assertions.kt:341)
       kotlin.test.AssertionsKt.assertContains(Unknown Source)
       kotlin.test.AssertionsKt__AssertionsKt.assertContains$default(Assertions.kt:340)
       kotlin.test.AssertionsKt.assertContains$default(Unknown Source)
       ru.cs.tdm.cases.Filter.n04_EditFilterTest(Filter.kt:373)
       jdk.internal.reflect.GeneratedMethodAccessor70.invoke(Unknown Source)
       java.base/jdk.internal.reflect.DelegatingMethodAccessorImpl.invoke(DelegatingMethodAccessorImpl.java:43)
       [...]
-------------- стоп Filter Повтор 21  --------------
-------------- старт Pass Повтор 22 ------------
-------------- стоп Pass Повтор 22  --------------
-------------- старт Head Повтор 22 ------------
-------------- стоп Head Повтор 22  --------------
-------------- старт User Повтор 22 ------------
-------------- стоп User Повтор 22  --------------
-------------- старт Filter Повтор 22 ------------
-------------- стоп Filter Повтор 22  --------------
-------------- старт Pass Повтор 23 ------------
-------------- стоп Pass Повтор 23  --------------
-------------- старт Head Повтор 23 ------------

Failures (18):
  JUnit Jupiter:Testing Tools Menu-Icons Test:Testing Tools Box:Создать фильтр:repetition 1 of 1
    MethodSource [className = 'ru.cs.tdm.cases.HeadRef$ToolTest', methodName = 'filterTest', methodParameterTypes = '']
    => org.openqa.selenium.TimeoutException: Expected condition failed: waiting for ru.cs.tdm.code.Tools$$Lambda$833/0x000000080056a040@104857e (tried for 7 second(s) with 1000 milliseconds interval)
Build info: version: '4.7.2', revision: '4d4020c3b7'
System info: os.name: 'Windows 10', os.arch: 'amd64', os.version: '10.0', java.version: '11.0.14.1'
Driver info: driver.version: unknown
       org.openqa.selenium.support.ui.FluentWait.timeoutException(FluentWait.java:263)
       org.openqa.selenium.support.ui.FluentWait.until(FluentWait.java:231)
       ru.cs.tdm.code.Tools.referenceClickLast(Tools.kt:133)
       ru.cs.tdm.cases.HeadRef$ToolTest.filterTest(HeadRef.kt:311)
       jdk.internal.reflect.GeneratedMethodAccessor43.invoke(Unknown Source)
       java.base/jdk.internal.reflect.DelegatingMethodAccessorImpl.invoke(DelegatingMethodAccessorImpl.java:43)
       java.base/java.lang.reflect.Method.invoke(Method.java:566)
       org.junit.platform.commons.util.ReflectionUtils.invokeMethod(ReflectionUtils.java:727)
       org.junit.jupiter.engine.execution.MethodInvocation.proceed(MethodInvocation.java:60)
       org.junit.jupiter.engine.execution.InvocationInterceptorChain$ValidatingInvocation.proceed(InvocationInterceptorChain.java:131)
       [...]
  JUnit Jupiter:Testing Tools Menu-Icons Test:Testing Tools Box:Показать/скрыть панель предварительного просмотра:repetition 1 of 1
    MethodSource [className = 'ru.cs.tdm.cases.HeadRef$ToolTest', methodName = 'open_showPreviewPanelTest', methodParameterTypes = '']
    => org.openqa.selenium.TimeoutException: Expected condition failed: waiting for title to contain "TDM365". Current title: "Tdms" (tried for 7 second(s) with 1000 milliseconds interval)
Build info: version: '4.7.2', revision: '4d4020c3b7'
System info: os.name: 'Windows 10', os.arch: 'amd64', os.version: '10.0', java.version: '11.0.14.1'
Driver info: driver.version: unknown
       org.openqa.selenium.support.ui.FluentWait.timeoutException(FluentWait.java:263)
       org.openqa.selenium.support.ui.FluentWait.until(FluentWait.java:231)
       ru.cs.tdm.code.Tools.titleContain(Tools.kt:186)
       ru.cs.tdm.cases.HeadRef$ToolTest.beforeEach(HeadRef.kt:260)
       jdk.internal.reflect.GeneratedMethodAccessor17.invoke(Unknown Source)
       java.base/jdk.internal.reflect.DelegatingMethodAccessorImpl.invoke(DelegatingMethodAccessorImpl.java:43)
       java.base/java.lang.reflect.Method.invoke(Method.java:566)
       org.junit.platform.commons.util.ReflectionUtils.invokeMethod(ReflectionUtils.java:727)
       org.junit.jupiter.engine.execution.MethodInvocation.proceed(MethodInvocation.java:60)
       org.junit.jupiter.engine.execution.InvocationInterceptorChain$ValidatingInvocation.proceed(InvocationInterceptorChain.java:131)
       [...]
  JUnit Jupiter:Testing Tools Menu-Icons Test:Testing Tools Box:Показать/скрыть дерево:repetition 1 of 1
    MethodSource [className = 'ru.cs.tdm.cases.HeadRef$ToolTest', methodName = 'open_showTreeTest', methodParameterTypes = '']
    => org.openqa.selenium.TimeoutException: Expected condition failed: waiting for title to contain "TDM365". Current title: "Tdms" (tried for 7 second(s) with 1000 milliseconds interval)
Build info: version: '4.7.2', revision: '4d4020c3b7'
System info: os.name: 'Windows 10', os.arch: 'amd64', os.version: '10.0', java.version: '11.0.14.1'
Driver info: driver.version: unknown
       org.openqa.selenium.support.ui.FluentWait.timeoutException(FluentWait.java:263)
       org.openqa.selenium.support.ui.FluentWait.until(FluentWait.java:231)
       ru.cs.tdm.code.Tools.titleContain(Tools.kt:186)
       ru.cs.tdm.cases.HeadRef$ToolTest.beforeEach(HeadRef.kt:260)
       jdk.internal.reflect.GeneratedMethodAccessor17.invoke(Unknown Source)
       java.base/jdk.internal.reflect.DelegatingMethodAccessorImpl.invoke(DelegatingMethodAccessorImpl.java:43)
       java.base/java.lang.reflect.Method.invoke(Method.java:566)
       org.junit.platform.commons.util.ReflectionUtils.invokeMethod(ReflectionUtils.java:727)
       org.junit.jupiter.engine.execution.MethodInvocation.proceed(MethodInvocation.java:60)
       org.junit.jupiter.engine.execution.InvocationInterceptorChain$ValidatingInvocation.proceed(InvocationInterceptorChain.java:131)
       [...]
  JUnit Jupiter:Testing Tools Menu-Icons Test:Testing Tools Box:Обновить:repetition 1 of 1
    MethodSource [className = 'ru.cs.tdm.cases.HeadRef$ToolTest', methodName = 'renewTest', methodParameterTypes = '']
    => org.openqa.selenium.TimeoutException: Expected condition failed: waiting for title to contain "TDM365". Current title: "Tdms" (tried for 7 second(s) with 1000 milliseconds interval)
Build info: version: '4.7.2', revision: '4d4020c3b7'
System info: os.name: 'Windows 10', os.arch: 'amd64', os.version: '10.0', java.version: '11.0.14.1'
Driver info: driver.version: unknown
       org.openqa.selenium.support.ui.FluentWait.timeoutException(FluentWait.java:263)
       org.openqa.selenium.support.ui.FluentWait.until(FluentWait.java:231)
       ru.cs.tdm.code.Tools.titleContain(Tools.kt:186)
       ru.cs.tdm.cases.HeadRef$ToolTest.beforeEach(HeadRef.kt:260)
       jdk.internal.reflect.GeneratedMethodAccessor17.invoke(Unknown Source)
       java.base/jdk.internal.reflect.DelegatingMethodAccessorImpl.invoke(DelegatingMethodAccessorImpl.java:43)
       java.base/java.lang.reflect.Method.invoke(Method.java:566)
       org.junit.platform.commons.util.ReflectionUtils.invokeMethod(ReflectionUtils.java:727)
       org.junit.jupiter.engine.execution.MethodInvocation.proceed(MethodInvocation.java:60)
       org.junit.jupiter.engine.execution.InvocationInterceptorChain$ValidatingInvocation.proceed(InvocationInterceptorChain.java:131)
       [...]
  JUnit Jupiter:Testing Tools Menu-Icons Test:Testing SubSysadmin:Схема данных:repetition 1 of 1
    MethodSource [className = 'ru.cs.tdm.cases.HeadRef$SubSysadminTest', methodName = 'dataTreeTest', methodParameterTypes = '']
    => org.openqa.selenium.TimeoutException: Expected condition failed: waiting for title to contain "TDM365". Current title: "Tdms" (tried for 7 second(s) with 1000 milliseconds interval)
Build info: version: '4.7.2', revision: '4d4020c3b7'
System info: os.name: 'Windows 10', os.arch: 'amd64', os.version: '10.0', java.version: '11.0.14.1'
Driver info: driver.version: unknown
       org.openqa.selenium.support.ui.FluentWait.timeoutException(FluentWait.java:263)
       org.openqa.selenium.support.ui.FluentWait.until(FluentWait.java:231)
       ru.cs.tdm.code.Tools.titleContain(Tools.kt:186)
       ru.cs.tdm.cases.HeadRef$SubSysadminTest.beforeEach(HeadRef.kt:400)
       jdk.internal.reflect.GeneratedMethodAccessor13.invoke(Unknown Source)
       java.base/jdk.internal.reflect.DelegatingMethodAccessorImpl.invoke(DelegatingMethodAccessorImpl.java:43)
       java.base/java.lang.reflect.Method.invoke(Method.java:566)
       org.junit.platform.commons.util.ReflectionUtils.invokeMethod(ReflectionUtils.java:727)
       org.junit.jupiter.engine.execution.MethodInvocation.proceed(MethodInvocation.java:60)
       org.junit.jupiter.engine.execution.InvocationInterceptorChain$ValidatingInvocation.proceed(InvocationInterceptorChain.java:131)
       [...]
  JUnit Jupiter:Testing Tools Menu-Icons Test:Testing SubSysadmin:Удалить структуру объектов:repetition 1 of 1
    MethodSource [className = 'ru.cs.tdm.cases.HeadRef$SubSysadminTest', methodName = 'delObjectsTest', methodParameterTypes = '']
    => org.openqa.selenium.TimeoutException: Expected condition failed: waiting for title to contain "TDM365". Current title: "Tdms" (tried for 7 second(s) with 1000 milliseconds interval)
Build info: version: '4.7.2', revision: '4d4020c3b7'
System info: os.name: 'Windows 10', os.arch: 'amd64', os.version: '10.0', java.version: '11.0.14.1'
Driver info: driver.version: unknown
       org.openqa.selenium.support.ui.FluentWait.timeoutException(FluentWait.java:263)
       org.openqa.selenium.support.ui.FluentWait.until(FluentWait.java:231)
       ru.cs.tdm.code.Tools.titleContain(Tools.kt:186)
       ru.cs.tdm.cases.HeadRef$SubSysadminTest.beforeEach(HeadRef.kt:400)
       jdk.internal.reflect.GeneratedMethodAccessor13.invoke(Unknown Source)
       java.base/jdk.internal.reflect.DelegatingMethodAccessorImpl.invoke(DelegatingMethodAccessorImpl.java:43)
       java.base/java.lang.reflect.Method.invoke(Method.java:566)
       org.junit.platform.commons.util.ReflectionUtils.invokeMethod(ReflectionUtils.java:727)
       org.junit.jupiter.engine.execution.MethodInvocation.proceed(MethodInvocation.java:60)
       org.junit.jupiter.engine.execution.InvocationInterceptorChain$ValidatingInvocation.proceed(InvocationInterceptorChain.java:131)
       [...]
  JUnit Jupiter:Testing Tools Menu-Icons Test:Testing SubSysadmin:Журнал событий:repetition 1 of 1
    MethodSource [className = 'ru.cs.tdm.cases.HeadRef$SubSysadminTest', methodName = 'eventsLogTest', methodParameterTypes = '']
    => org.openqa.selenium.TimeoutException: Expected condition failed: waiting for title to contain "TDM365". Current title: "Tdms" (tried for 7 second(s) with 1000 milliseconds interval)
Build info: version: '4.7.2', revision: '4d4020c3b7'
System info: os.name: 'Windows 10', os.arch: 'amd64', os.version: '10.0', java.version: '11.0.14.1'
Driver info: driver.version: unknown
       org.openqa.selenium.support.ui.FluentWait.timeoutException(FluentWait.java:263)
       org.openqa.selenium.support.ui.FluentWait.until(FluentWait.java:231)
       ru.cs.tdm.code.Tools.titleContain(Tools.kt:186)
       ru.cs.tdm.cases.HeadRef$SubSysadminTest.beforeEach(HeadRef.kt:400)
       jdk.internal.reflect.GeneratedMethodAccessor13.invoke(Unknown Source)
       java.base/jdk.internal.reflect.DelegatingMethodAccessorImpl.invoke(DelegatingMethodAccessorImpl.java:43)
       java.base/java.lang.reflect.Method.invoke(Method.java:566)
       org.junit.platform.commons.util.ReflectionUtils.invokeMethod(ReflectionUtils.java:727)
       org.junit.jupiter.engine.execution.MethodInvocation.proceed(MethodInvocation.java:60)
       org.junit.jupiter.engine.execution.InvocationInterceptorChain$ValidatingInvocation.proceed(InvocationInterceptorChain.java:131)
       [...]
  JUnit Jupiter:Testing Tools Menu-Icons Test:Testing SubSysadmin:Журнал сервера:repetition 1 of 1
    MethodSource [className = 'ru.cs.tdm.cases.HeadRef$SubSysadminTest', methodName = 'serverLogTest', methodParameterTypes = '']
    => org.openqa.selenium.TimeoutException: Expected condition failed: waiting for title to contain "TDM365". Current title: "Tdms" (tried for 7 second(s) with 1000 milliseconds interval)
Build info: version: '4.7.2', revision: '4d4020c3b7'
System info: os.name: 'Windows 10', os.arch: 'amd64', os.version: '10.0', java.version: '11.0.14.1'
Driver info: driver.version: unknown
       org.openqa.selenium.support.ui.FluentWait.timeoutException(FluentWait.java:263)
       org.openqa.selenium.support.ui.FluentWait.until(FluentWait.java:231)
       ru.cs.tdm.code.Tools.titleContain(Tools.kt:186)
       ru.cs.tdm.cases.HeadRef$SubSysadminTest.beforeEach(HeadRef.kt:400)
       jdk.internal.reflect.GeneratedMethodAccessor13.invoke(Unknown Source)
       java.base/jdk.internal.reflect.DelegatingMethodAccessorImpl.invoke(DelegatingMethodAccessorImpl.java:43)
       java.base/java.lang.reflect.Method.invoke(Method.java:566)
       org.junit.platform.commons.util.ReflectionUtils.invokeMethod(ReflectionUtils.java:727)
       org.junit.jupiter.engine.execution.MethodInvocation.proceed(MethodInvocation.java:60)
       org.junit.jupiter.engine.execution.InvocationInterceptorChain$ValidatingInvocation.proceed(InvocationInterceptorChain.java:131)
       [...]
  JUnit Jupiter:Testing Tools Menu-Icons Test:Testing SubSysadmin:Системные атрибуты:repetition 1 of 1
    MethodSource [className = 'ru.cs.tdm.cases.HeadRef$SubSysadminTest', methodName = 'sysAttributesTest', methodParameterTypes = '']
    => org.openqa.selenium.TimeoutException: Expected condition failed: waiting for title to contain "TDM365". Current title: "Tdms" (tried for 7 second(s) with 1000 milliseconds interval)
Build info: version: '4.7.2', revision: '4d4020c3b7'
System info: os.name: 'Windows 10', os.arch: 'amd64', os.version: '10.0', java.version: '11.0.14.1'
Driver info: driver.version: unknown
       org.openqa.selenium.support.ui.FluentWait.timeoutException(FluentWait.java:263)
       org.openqa.selenium.support.ui.FluentWait.until(FluentWait.java:231)
       ru.cs.tdm.code.Tools.titleContain(Tools.kt:186)
       ru.cs.tdm.cases.HeadRef$SubSysadminTest.beforeEach(HeadRef.kt:400)
       jdk.internal.reflect.GeneratedMethodAccessor13.invoke(Unknown Source)
       java.base/jdk.internal.reflect.DelegatingMethodAccessorImpl.invoke(DelegatingMethodAccessorImpl.java:43)
       java.base/java.lang.reflect.Method.invoke(Method.java:566)
       org.junit.platform.commons.util.ReflectionUtils.invokeMethod(ReflectionUtils.java:727)
       org.junit.jupiter.engine.execution.MethodInvocation.proceed(MethodInvocation.java:60)
       org.junit.jupiter.engine.execution.InvocationInterceptorChain$ValidatingInvocation.proceed(InvocationInterceptorChain.java:131)
       [...]
  JUnit Jupiter:Testing Tools Menu-Icons Test:Testing SubSysadmin:Информация о системе:repetition 1 of 1
    MethodSource [className = 'ru.cs.tdm.cases.HeadRef$SubSysadminTest', methodName = 'systemParametersTest', methodParameterTypes = '']
    => org.openqa.selenium.TimeoutException: Expected condition failed: waiting for title to contain "TDM365". Current title: "Tdms" (tried for 7 second(s) with 1000 milliseconds interval)
Build info: version: '4.7.2', revision: '4d4020c3b7'
System info: os.name: 'Windows 10', os.arch: 'amd64', os.version: '10.0', java.version: '11.0.14.1'
Driver info: driver.version: unknown
       org.openqa.selenium.support.ui.FluentWait.timeoutException(FluentWait.java:263)
       org.openqa.selenium.support.ui.FluentWait.until(FluentWait.java:231)
       ru.cs.tdm.code.Tools.titleContain(Tools.kt:186)
       ru.cs.tdm.cases.HeadRef$SubSysadminTest.beforeEach(HeadRef.kt:400)
       jdk.internal.reflect.GeneratedMethodAccessor13.invoke(Unknown Source)
       java.base/jdk.internal.reflect.DelegatingMethodAccessorImpl.invoke(DelegatingMethodAccessorImpl.java:43)
       java.base/java.lang.reflect.Method.invoke(Method.java:566)
       org.junit.platform.commons.util.ReflectionUtils.invokeMethod(ReflectionUtils.java:727)
       org.junit.jupiter.engine.execution.MethodInvocation.proceed(MethodInvocation.java:60)
       org.junit.jupiter.engine.execution.InvocationInterceptorChain$ValidatingInvocation.proceed(InvocationInterceptorChain.java:131)
       [...]
  JUnit Jupiter:Testing Tools Menu-Icons Test:Testing SubSysadmin:Testing CETD:Поток 0 - Отправка проекта:repetition 1 of 1
    MethodSource [className = 'ru.cs.tdm.cases.HeadRef$SubSysadminTest$CETDTest', methodName = 'flow0Test', methodParameterTypes = '']
    => org.openqa.selenium.TimeoutException: Expected condition failed: waiting for title to contain "TDM365". Current title: "Tdms" (tried for 7 second(s) with 1000 milliseconds interval)
Build info: version: '4.7.2', revision: '4d4020c3b7'
System info: os.name: 'Windows 10', os.arch: 'amd64', os.version: '10.0', java.version: '11.0.14.1'
Driver info: driver.version: unknown
       org.openqa.selenium.support.ui.FluentWait.timeoutException(FluentWait.java:263)
       org.openqa.selenium.support.ui.FluentWait.until(FluentWait.java:231)
       ru.cs.tdm.code.Tools.titleContain(Tools.kt:186)
       ru.cs.tdm.cases.HeadRef$SubSysadminTest.beforeEach(HeadRef.kt:400)
       jdk.internal.reflect.GeneratedMethodAccessor13.invoke(Unknown Source)
       java.base/jdk.internal.reflect.DelegatingMethodAccessorImpl.invoke(DelegatingMethodAccessorImpl.java:43)
       java.base/java.lang.reflect.Method.invoke(Method.java:566)
       org.junit.platform.commons.util.ReflectionUtils.invokeMethod(ReflectionUtils.java:727)
       org.junit.jupiter.engine.execution.MethodInvocation.proceed(MethodInvocation.java:60)
       org.junit.jupiter.engine.execution.InvocationInterceptorChain$ValidatingInvocation.proceed(InvocationInterceptorChain.java:131)
       [...]
  JUnit Jupiter:Testing Tools Menu-Icons Test:Testing SubSysadmin:Testing CETD:Поток 1 - Отправка передаточного документа:repetition 1 of 1
    MethodSource [className = 'ru.cs.tdm.cases.HeadRef$SubSysadminTest$CETDTest', methodName = 'flow1Test', methodParameterTypes = '']
    => org.openqa.selenium.TimeoutException: Expected condition failed: waiting for title to contain "TDM365". Current title: "Tdms" (tried for 7 second(s) with 1000 milliseconds interval)
Build info: version: '4.7.2', revision: '4d4020c3b7'
System info: os.name: 'Windows 10', os.arch: 'amd64', os.version: '10.0', java.version: '11.0.14.1'
Driver info: driver.version: unknown
       org.openqa.selenium.support.ui.FluentWait.timeoutException(FluentWait.java:263)
       org.openqa.selenium.support.ui.FluentWait.until(FluentWait.java:231)
       ru.cs.tdm.code.Tools.titleContain(Tools.kt:186)
       ru.cs.tdm.cases.HeadRef$SubSysadminTest.beforeEach(HeadRef.kt:400)
       jdk.internal.reflect.GeneratedMethodAccessor13.invoke(Unknown Source)
       java.base/jdk.internal.reflect.DelegatingMethodAccessorImpl.invoke(DelegatingMethodAccessorImpl.java:43)
       java.base/java.lang.reflect.Method.invoke(Method.java:566)
       org.junit.platform.commons.util.ReflectionUtils.invokeMethod(ReflectionUtils.java:727)
       org.junit.jupiter.engine.execution.MethodInvocation.proceed(MethodInvocation.java:60)
       org.junit.jupiter.engine.execution.InvocationInterceptorChain$ValidatingInvocation.proceed(InvocationInterceptorChain.java:131)
       [...]
  JUnit Jupiter:Testing Tools Menu-Icons Test:Testing SubSysadmin:Testing CETD:Поток 2.1 - Ответ о результате передаче РЗ:repetition 1 of 1
    MethodSource [className = 'ru.cs.tdm.cases.HeadRef$SubSysadminTest$CETDTest', methodName = 'flow2Test', methodParameterTypes = '']
    => org.openqa.selenium.TimeoutException: Expected condition failed: waiting for title to contain "TDM365". Current title: "Tdms" (tried for 7 second(s) with 1000 milliseconds interval)
Build info: version: '4.7.2', revision: '4d4020c3b7'
System info: os.name: 'Windows 10', os.arch: 'amd64', os.version: '10.0', java.version: '11.0.14.1'
Driver info: driver.version: unknown
       org.openqa.selenium.support.ui.FluentWait.timeoutException(FluentWait.java:263)
       org.openqa.selenium.support.ui.FluentWait.until(FluentWait.java:231)
       ru.cs.tdm.code.Tools.titleContain(Tools.kt:186)
       ru.cs.tdm.cases.HeadRef$SubSysadminTest.beforeEach(HeadRef.kt:400)
       jdk.internal.reflect.GeneratedMethodAccessor13.invoke(Unknown Source)
       java.base/jdk.internal.reflect.DelegatingMethodAccessorImpl.invoke(DelegatingMethodAccessorImpl.java:43)
       java.base/java.lang.reflect.Method.invoke(Method.java:566)
       org.junit.platform.commons.util.ReflectionUtils.invokeMethod(ReflectionUtils.java:727)
       org.junit.jupiter.engine.execution.MethodInvocation.proceed(MethodInvocation.java:60)
       org.junit.jupiter.engine.execution.InvocationInterceptorChain$ValidatingInvocation.proceed(InvocationInterceptorChain.java:131)
       [...]
  JUnit Jupiter:Testing Tools Menu-Icons Test:Testing SubSysadmin:Testing CETD:Поток 3 - Отправка ответов на замечания:repetition 1 of 1
    MethodSource [className = 'ru.cs.tdm.cases.HeadRef$SubSysadminTest$CETDTest', methodName = 'flow3Test', methodParameterTypes = '']
    => org.openqa.selenium.TimeoutException: Expected condition failed: waiting for title to contain "TDM365". Current title: "Tdms" (tried for 7 second(s) with 1000 milliseconds interval)
Build info: version: '4.7.2', revision: '4d4020c3b7'
System info: os.name: 'Windows 10', os.arch: 'amd64', os.version: '10.0', java.version: '11.0.14.1'
Driver info: driver.version: unknown
       org.openqa.selenium.support.ui.FluentWait.timeoutException(FluentWait.java:263)
       org.openqa.selenium.support.ui.FluentWait.until(FluentWait.java:231)
       ru.cs.tdm.code.Tools.titleContain(Tools.kt:186)
       ru.cs.tdm.cases.HeadRef$SubSysadminTest.beforeEach(HeadRef.kt:400)
       jdk.internal.reflect.GeneratedMethodAccessor13.invoke(Unknown Source)
       java.base/jdk.internal.reflect.DelegatingMethodAccessorImpl.invoke(DelegatingMethodAccessorImpl.java:43)
       java.base/java.lang.reflect.Method.invoke(Method.java:566)
       org.junit.platform.commons.util.ReflectionUtils.invokeMethod(ReflectionUtils.java:727)
       org.junit.jupiter.engine.execution.MethodInvocation.proceed(MethodInvocation.java:60)
       org.junit.jupiter.engine.execution.InvocationInterceptorChain$ValidatingInvocation.proceed(InvocationInterceptorChain.java:131)
       [...]
  JUnit Jupiter:Testing Tools Menu-Icons Test:Testing SubSysadmin:Testing CETD:Поток - Проверка статуса проекта:repetition 1 of 1
    MethodSource [className = 'ru.cs.tdm.cases.HeadRef$SubSysadminTest$CETDTest', methodName = 'flowTest', methodParameterTypes = '']
    => org.openqa.selenium.TimeoutException: Expected condition failed: waiting for title to contain "TDM365". Current title: "Tdms" (tried for 7 second(s) with 1000 milliseconds interval)
Build info: version: '4.7.2', revision: '4d4020c3b7'
System info: os.name: 'Windows 10', os.arch: 'amd64', os.version: '10.0', java.version: '11.0.14.1'
Driver info: driver.version: unknown
       org.openqa.selenium.support.ui.FluentWait.timeoutException(FluentWait.java:263)
       org.openqa.selenium.support.ui.FluentWait.until(FluentWait.java:231)
       ru.cs.tdm.code.Tools.titleContain(Tools.kt:186)
       ru.cs.tdm.cases.HeadRef$SubSysadminTest.beforeEach(HeadRef.kt:400)
       jdk.internal.reflect.GeneratedMethodAccessor13.invoke(Unknown Source)
       java.base/jdk.internal.reflect.DelegatingMethodAccessorImpl.invoke(DelegatingMethodAccessorImpl.java:43)
       java.base/java.lang.reflect.Method.invoke(Method.java:566)
       org.junit.platform.commons.util.ReflectionUtils.invokeMethod(ReflectionUtils.java:727)
       org.junit.jupiter.engine.execution.MethodInvocation.proceed(MethodInvocation.java:60)
       org.junit.jupiter.engine.execution.InvocationInterceptorChain$ValidatingInvocation.proceed(InvocationInterceptorChain.java:131)
       [...]
  JUnit Jupiter:Testing Tools Menu-Icons Test:Testing SubSysadmin:Testing CETD:Поток - Проверка связи с авторизацией:repetition 1 of 1
    MethodSource [className = 'ru.cs.tdm.cases.HeadRef$SubSysadminTest$CETDTest', methodName = 'flow_1Test', methodParameterTypes = '']
    => org.openqa.selenium.WebDriverException: target frame detached
  (failed to check if window was closed: disconnected: Unable to receive message from renderer)
  (Session info: chrome=108.0.5359.125)
Build info: version: '4.7.2', revision: '4d4020c3b7'
System info: os.name: 'Windows 10', os.arch: 'amd64', os.version: '10.0', java.version: '11.0.14.1'
Driver info: org.openqa.selenium.chrome.ChromeDriver
Command: [27ea42f47e5a5a7edda8776ae3e01c0d, findElements {using=xpath, value=//html/body/descendant::*[contains(@data-qtip, 'Объекты')]}]
Capabilities {acceptInsecureCerts: false, browserName: chrome, browserVersion: 108.0.5359.125, chrome: {chromedriverVersion: 108.0.5359.71 (1e0e3868ee06..., userDataDir: C:\Users\CSoft\AppData\Loca...}, goog:chromeOptions: {debuggerAddress: localhost:54866}, networkConnectionEnabled: false, pageLoadStrategy: normal, platformName: WINDOWS, proxy: Proxy(), se:cdp: ws://localhost:54866/devtoo..., se:cdpVersion: 108.0.5359.125, setWindowRect: true, strictFileInteractability: false, timeouts: {implicit: 0, pageLoad: 300000, script: 30000}, unhandledPromptBehavior: dismiss and notify, webauthn:extension:credBlob: true, webauthn:extension:largeBlob: true, webauthn:virtualAuthenticators: true}
Session ID: 27ea42f47e5a5a7edda8776ae3e01c0d
       java.base/jdk.internal.reflect.NativeConstructorAccessorImpl.newInstance0(Native Method)
       java.base/jdk.internal.reflect.NativeConstructorAccessorImpl.newInstance(NativeConstructorAccessorImpl.java:62)
       java.base/jdk.internal.reflect.DelegatingConstructorAccessorImpl.newInstance(DelegatingConstructorAccessorImpl.java:45)
       java.base/java.lang.reflect.Constructor.newInstance(Constructor.java:490)
       org.openqa.selenium.remote.codec.w3c.W3CHttpResponseCodec.createException(W3CHttpResponseCodec.java:200)
       [...]
       Suppressed: org.openqa.selenium.WebDriverException: disconnected: unable to connect to renderer
  (failed to check if window was closed: disconnected: unable to connect to renderer)
  (Session info: chrome=108.0.5359.125)
Build info: version: '4.7.2', revision: '4d4020c3b7'
System info: os.name: 'Windows 10', os.arch: 'amd64', os.version: '10.0', java.version: '11.0.14.1'
Driver info: org.openqa.selenium.chrome.ChromeDriver
Command: [27ea42f47e5a5a7edda8776ae3e01c0d, actions {actions=[org.openqa.selenium.interactions.Sequence@339f1c6e]}]
Capabilities {acceptInsecureCerts: false, browserName: chrome, browserVersion: 108.0.5359.125, chrome: {chromedriverVersion: 108.0.5359.71 (1e0e3868ee06..., userDataDir: C:\Users\CSoft\AppData\Loca...}, goog:chromeOptions: {debuggerAddress: localhost:54866}, networkConnectionEnabled: false, pageLoadStrategy: normal, platformName: WINDOWS, proxy: Proxy(), se:cdp: ws://localhost:54866/devtoo..., se:cdpVersion: 108.0.5359.125, setWindowRect: true, strictFileInteractability: false, timeouts: {implicit: 0, pageLoad: 300000, script: 30000}, unhandledPromptBehavior: dismiss and notify, webauthn:extension:credBlob: true, webauthn:extension:largeBlob: true, webauthn:virtualAuthenticators: true}
Session ID: 27ea42f47e5a5a7edda8776ae3e01c0d
         java.base/jdk.internal.reflect.NativeConstructorAccessorImpl.newInstance0(Native Method)
         java.base/jdk.internal.reflect.NativeConstructorAccessorImpl.newInstance(NativeConstructorAccessorImpl.java:62)
         java.base/jdk.internal.reflect.DelegatingConstructorAccessorImpl.newInstance(DelegatingConstructorAccessorImpl.java:45)
         java.base/java.lang.reflect.Constructor.newInstance(Constructor.java:490)
         org.openqa.selenium.remote.codec.w3c.W3CHttpResponseCodec.createException(W3CHttpResponseCodec.java:200)
         [...]
       Suppressed: org.openqa.selenium.WebDriverException: disconnected: unable to connect to renderer
  (failed to check if window was closed: disconnected: unable to connect to renderer)
  (Session info: chrome=108.0.5359.125)
Build info: version: '4.7.2', revision: '4d4020c3b7'
System info: os.name: 'Windows 10', os.arch: 'amd64', os.version: '10.0', java.version: '11.0.14.1'
Driver info: org.openqa.selenium.chrome.ChromeDriver
Command: [27ea42f47e5a5a7edda8776ae3e01c0d, actions {actions=[org.openqa.selenium.interactions.Sequence@f799e25]}]
Capabilities {acceptInsecureCerts: false, browserName: chrome, browserVersion: 108.0.5359.125, chrome: {chromedriverVersion: 108.0.5359.71 (1e0e3868ee06..., userDataDir: C:\Users\CSoft\AppData\Loca...}, goog:chromeOptions: {debuggerAddress: localhost:54866}, networkConnectionEnabled: false, pageLoadStrategy: normal, platformName: WINDOWS, proxy: Proxy(), se:cdp: ws://localhost:54866/devtoo..., se:cdpVersion: 108.0.5359.125, setWindowRect: true, strictFileInteractability: false, timeouts: {implicit: 0, pageLoad: 300000, script: 30000}, unhandledPromptBehavior: dismiss and notify, webauthn:extension:credBlob: true, webauthn:extension:largeBlob: true, webauthn:virtualAuthenticators: true}
Session ID: 27ea42f47e5a5a7edda8776ae3e01c0d
         java.base/jdk.internal.reflect.NativeConstructorAccessorImpl.newInstance0(Native Method)
         java.base/jdk.internal.reflect.NativeConstructorAccessorImpl.newInstance(NativeConstructorAccessorImpl.java:62)
         java.base/jdk.internal.reflect.DelegatingConstructorAccessorImpl.newInstance(DelegatingConstructorAccessorImpl.java:45)
         java.base/java.lang.reflect.Constructor.newInstance(Constructor.java:490)
         org.openqa.selenium.remote.codec.w3c.W3CHttpResponseCodec.createException(W3CHttpResponseCodec.java:200)
         [...]
       Suppressed: org.openqa.selenium.WebDriverException: disconnected: unable to connect to renderer
  (failed to check if window was closed: disconnected: unable to connect to renderer)
  (Session info: chrome=108.0.5359.125)
Build info: version: '4.7.2', revision: '4d4020c3b7'
System info: os.name: 'Windows 10', os.arch: 'amd64', os.version: '10.0', java.version: '11.0.14.1'
Driver info: org.openqa.selenium.chrome.ChromeDriver
Command: [27ea42f47e5a5a7edda8776ae3e01c0d, actions {actions=[org.openqa.selenium.interactions.Sequence@71fa947]}]
Capabilities {acceptInsecureCerts: false, browserName: chrome, browserVersion: 108.0.5359.125, chrome: {chromedriverVersion: 108.0.5359.71 (1e0e3868ee06..., userDataDir: C:\Users\CSoft\AppData\Loca...}, goog:chromeOptions: {debuggerAddress: localhost:54866}, networkConnectionEnabled: false, pageLoadStrategy: normal, platformName: WINDOWS, proxy: Proxy(), se:cdp: ws://localhost:54866/devtoo..., se:cdpVersion: 108.0.5359.125, setWindowRect: true, strictFileInteractability: false, timeouts: {implicit: 0, pageLoad: 300000, script: 30000}, unhandledPromptBehavior: dismiss and notify, webauthn:extension:credBlob: true, webauthn:extension:largeBlob: true, webauthn:virtualAuthenticators: true}
Session ID: 27ea42f47e5a5a7edda8776ae3e01c0d
         java.base/jdk.internal.reflect.NativeConstructorAccessorImpl.newInstance0(Native Method)
         java.base/jdk.internal.reflect.NativeConstructorAccessorImpl.newInstance(NativeConstructorAccessorImpl.java:62)
         java.base/jdk.internal.reflect.DelegatingConstructorAccessorImpl.newInstance(DelegatingConstructorAccessorImpl.java:45)
         java.base/java.lang.reflect.Constructor.newInstance(Constructor.java:490)
         org.openqa.selenium.remote.codec.w3c.W3CHttpResponseCodec.createException(W3CHttpResponseCodec.java:200)
         [...]
  JUnit Jupiter:Testing Tools Menu-Icons Test:Testing SubSysadmin:Testing CETD:Поток - Проверка связи без авторизации:repetition 1 of 1
    MethodSource [className = 'ru.cs.tdm.cases.HeadRef$SubSysadminTest$CETDTest', methodName = 'flow_2Test', methodParameterTypes = '']
    => org.openqa.selenium.WebDriverException: disconnected: unable to connect to renderer
  (failed to check if window was closed: disconnected: unable to connect to renderer)
  (Session info: chrome=108.0.5359.125)
Build info: version: '4.7.2', revision: '4d4020c3b7'
System info: os.name: 'Windows 10', os.arch: 'amd64', os.version: '10.0', java.version: '11.0.14.1'
Driver info: org.openqa.selenium.chrome.ChromeDriver
Command: [27ea42f47e5a5a7edda8776ae3e01c0d, findElements {using=xpath, value=//html/body/descendant::*[contains(@data-qtip, 'Объекты')]}]
Capabilities {acceptInsecureCerts: false, browserName: chrome, browserVersion: 108.0.5359.125, chrome: {chromedriverVersion: 108.0.5359.71 (1e0e3868ee06..., userDataDir: C:\Users\CSoft\AppData\Loca...}, goog:chromeOptions: {debuggerAddress: localhost:54866}, networkConnectionEnabled: false, pageLoadStrategy: normal, platformName: WINDOWS, proxy: Proxy(), se:cdp: ws://localhost:54866/devtoo..., se:cdpVersion: 108.0.5359.125, setWindowRect: true, strictFileInteractability: false, timeouts: {implicit: 0, pageLoad: 300000, script: 30000}, unhandledPromptBehavior: dismiss and notify, webauthn:extension:credBlob: true, webauthn:extension:largeBlob: true, webauthn:virtualAuthenticators: true}
Session ID: 27ea42f47e5a5a7edda8776ae3e01c0d
       java.base/jdk.internal.reflect.NativeConstructorAccessorImpl.newInstance0(Native Method)
       java.base/jdk.internal.reflect.NativeConstructorAccessorImpl.newInstance(NativeConstructorAccessorImpl.java:62)
       java.base/jdk.internal.reflect.DelegatingConstructorAccessorImpl.newInstance(DelegatingConstructorAccessorImpl.java:45)
       java.base/java.lang.reflect.Constructor.newInstance(Constructor.java:490)
       org.openqa.selenium.remote.codec.w3c.W3CHttpResponseCodec.createException(W3CHttpResponseCodec.java:200)
       [...]
       Suppressed: org.openqa.selenium.remote.UnreachableBrowserException: Error communicating with the remote browser. It may have died.
Build info: version: '4.7.2', revision: '4d4020c3b7'
System info: os.name: 'Windows 10', os.arch: 'amd64', os.version: '10.0', java.version: '11.0.14.1'
Driver info: org.openqa.selenium.chrome.ChromeDriver
Command: [27ea42f47e5a5a7edda8776ae3e01c0d, actions {actions=[org.openqa.selenium.interactions.Sequence@71405254]}]
Capabilities {acceptInsecureCerts: false, browserName: chrome, browserVersion: 108.0.5359.125, chrome: {chromedriverVersion: 108.0.5359.71 (1e0e3868ee06..., userDataDir: C:\Users\CSoft\AppData\Loca...}, goog:chromeOptions: {debuggerAddress: localhost:54866}, networkConnectionEnabled: false, pageLoadStrategy: normal, platformName: WINDOWS, proxy: Proxy(), se:cdp: ws://localhost:54866/devtoo..., se:cdpVersion: 108.0.5359.125, setWindowRect: true, strictFileInteractability: false, timeouts: {implicit: 0, pageLoad: 300000, script: 30000}, unhandledPromptBehavior: dismiss and notify, webauthn:extension:credBlob: true, webauthn:extension:largeBlob: true, webauthn:virtualAuthenticators: true}
Session ID: 27ea42f47e5a5a7edda8776ae3e01c0d
         org.openqa.selenium.remote.RemoteWebDriver.execute(RemoteWebDriver.java:559)
         org.openqa.selenium.remote.RemoteWebDriver.perform(RemoteWebDriver.java:603)
         org.openqa.selenium.interactions.Actions$BuiltAction.perform(Actions.java:567)
         org.openqa.selenium.interactions.Actions.perform(Actions.java:536)
         ru.cs.tdm.code.Tools.closeEsc(Tools.kt:140)
         [...]
       Caused by: java.io.UncheckedIOException: org.asynchttpclient.exception.RemotelyClosedException: Remotely closed
         org.openqa.selenium.remote.http.netty.NettyHttpHandler.makeCall(NettyHttpHandler.java:73)
         org.openqa.selenium.remote.http.AddSeleniumUserAgent.lambda$apply$0(AddSeleniumUserAgent.java:42)
         org.openqa.selenium.remote.http.Filter.lambda$andFinally$1(Filter.java:56)
         org.openqa.selenium.remote.http.netty.NettyHttpHandler.execute(NettyHttpHandler.java:49)
         org.openqa.selenium.remote.http.AddSeleniumUserAgent.lambda$apply$0(AddSeleniumUserAgent.java:42)
         [...]
       Caused by: org.asynchttpclient.exception.RemotelyClosedException: Remotely closed
         org.asynchttpclient.exception.RemotelyClosedException.INSTANCE(Unknown Source)
       Suppressed: org.openqa.selenium.remote.UnreachableBrowserException: Error communicating with the remote browser. It may have died.
Build info: version: '4.7.2', revision: '4d4020c3b7'
System info: os.name: 'Windows 10', os.arch: 'amd64', os.version: '10.0', java.version: '11.0.14.1'
Driver info: org.openqa.selenium.chrome.ChromeDriver
Command: [27ea42f47e5a5a7edda8776ae3e01c0d, actions {actions=[org.openqa.selenium.interactions.Sequence@5f7947c]}]
Capabilities {acceptInsecureCerts: false, browserName: chrome, browserVersion: 108.0.5359.125, chrome: {chromedriverVersion: 108.0.5359.71 (1e0e3868ee06..., userDataDir: C:\Users\CSoft\AppData\Loca...}, goog:chromeOptions: {debuggerAddress: localhost:54866}, networkConnectionEnabled: false, pageLoadStrategy: normal, platformName: WINDOWS, proxy: Proxy(), se:cdp: ws://localhost:54866/devtoo..., se:cdpVersion: 108.0.5359.125, setWindowRect: true, strictFileInteractability: false, timeouts: {implicit: 0, pageLoad: 300000, script: 30000}, unhandledPromptBehavior: dismiss and notify, webauthn:extension:credBlob: true, webauthn:extension:largeBlob: true, webauthn:virtualAuthenticators: true}
Session ID: 27ea42f47e5a5a7edda8776ae3e01c0d
         org.openqa.selenium.remote.RemoteWebDriver.execute(RemoteWebDriver.java:559)
         org.openqa.selenium.remote.RemoteWebDriver.perform(RemoteWebDriver.java:603)
         org.openqa.selenium.interactions.Actions$BuiltAction.perform(Actions.java:567)
         org.openqa.selenium.interactions.Actions.perform(Actions.java:536)
         ru.cs.tdm.code.Tools.closeEsc(Tools.kt:140)
         [...]
       Caused by: java.io.UncheckedIOException: java.net.ConnectException: Connection refused: no further information: localhost/0:0:0:0:0:0:0:1:5181
         org.openqa.selenium.remote.http.netty.NettyHttpHandler.makeCall(NettyHttpHandler.java:73)
         org.openqa.selenium.remote.http.AddSeleniumUserAgent.lambda$apply$0(AddSeleniumUserAgent.java:42)
         org.openqa.selenium.remote.http.Filter.lambda$andFinally$1(Filter.java:56)
         org.openqa.selenium.remote.http.netty.NettyHttpHandler.execute(NettyHttpHandler.java:49)
         org.openqa.selenium.remote.http.AddSeleniumUserAgent.lambda$apply$0(AddSeleniumUserAgent.java:42)
         [...]
       Caused by: java.net.ConnectException: Connection refused: no further information: localhost/0:0:0:0:0:0:0:1:5181
         org.asynchttpclient.netty.channel.NettyConnectListener.onFailure(NettyConnectListener.java:179)
         org.asynchttpclient.netty.channel.NettyChannelConnector$1.onFailure(NettyChannelConnector.java:108)
         org.asynchttpclient.netty.SimpleChannelFutureListener.operationComplete(SimpleChannelFutureListener.java:28)
         org.asynchttpclient.netty.SimpleChannelFutureListener.operationComplete(SimpleChannelFutureListener.java:20)
         io.netty.util.concurrent.DefaultPromise.notifyListener0(DefaultPromise.java:578)
         [...]
       Caused by: io.netty.channel.AbstractChannel$AnnotatedConnectException: Connection refused: no further information: localhost/0:0:0:0:0:0:0:1:5181
         java.base/sun.nio.ch.SocketChannelImpl.checkConnect(Native Method)
         java.base/sun.nio.ch.SocketChannelImpl.finishConnect(SocketChannelImpl.java:777)
         io.netty.channel.socket.nio.NioSocketChannel.doFinishConnect(NioSocketChannel.java:337)
         io.netty.channel.nio.AbstractNioChannel$AbstractNioUnsafe.finishConnect(AbstractNioChannel.java:334)
         io.netty.channel.nio.NioEventLoop.processSelectedKey(NioEventLoop.java:776)
         [...]
       Suppressed: org.openqa.selenium.remote.UnreachableBrowserException: Error communicating with the remote browser. It may have died.
Build info: version: '4.7.2', revision: '4d4020c3b7'
System info: os.name: 'Windows 10', os.arch: 'amd64', os.version: '10.0', java.version: '11.0.14.1'
Driver info: org.openqa.selenium.chrome.ChromeDriver
Command: [27ea42f47e5a5a7edda8776ae3e01c0d, actions {actions=[org.openqa.selenium.interactions.Sequence@4da5c0b8]}]
Capabilities {acceptInsecureCerts: false, browserName: chrome, browserVersion: 108.0.5359.125, chrome: {chromedriverVersion: 108.0.5359.71 (1e0e3868ee06..., userDataDir: C:\Users\CSoft\AppData\Loca...}, goog:chromeOptions: {debuggerAddress: localhost:54866}, networkConnectionEnabled: false, pageLoadStrategy: normal, platformName: WINDOWS, proxy: Proxy(), se:cdp: ws://localhost:54866/devtoo..., se:cdpVersion: 108.0.5359.125, setWindowRect: true, strictFileInteractability: false, timeouts: {implicit: 0, pageLoad: 300000, script: 30000}, unhandledPromptBehavior: dismiss and notify, webauthn:extension:credBlob: true, webauthn:extension:largeBlob: true, webauthn:virtualAuthenticators: true}
Session ID: 27ea42f47e5a5a7edda8776ae3e01c0d
         org.openqa.selenium.remote.RemoteWebDriver.execute(RemoteWebDriver.java:559)
         org.openqa.selenium.remote.RemoteWebDriver.perform(RemoteWebDriver.java:603)
         org.openqa.selenium.interactions.Actions$BuiltAction.perform(Actions.java:567)
         org.openqa.selenium.interactions.Actions.perform(Actions.java:536)
         ru.cs.tdm.code.Tools.closeEsc(Tools.kt:140)
         [...]
       Caused by: java.io.UncheckedIOException: java.net.ConnectException: Connection refused: no further information: localhost/0:0:0:0:0:0:0:1:5181
         org.openqa.selenium.remote.http.netty.NettyHttpHandler.makeCall(NettyHttpHandler.java:73)
         org.openqa.selenium.remote.http.AddSeleniumUserAgent.lambda$apply$0(AddSeleniumUserAgent.java:42)
         org.openqa.selenium.remote.http.Filter.lambda$andFinally$1(Filter.java:56)
         org.openqa.selenium.remote.http.netty.NettyHttpHandler.execute(NettyHttpHandler.java:49)
         org.openqa.selenium.remote.http.AddSeleniumUserAgent.lambda$apply$0(AddSeleniumUserAgent.java:42)
         [...]
       Caused by: java.net.ConnectException: Connection refused: no further information: localhost/0:0:0:0:0:0:0:1:5181
         org.asynchttpclient.netty.channel.NettyConnectListener.onFailure(NettyConnectListener.java:179)
         org.asynchttpclient.netty.channel.NettyChannelConnector$1.onFailure(NettyChannelConnector.java:108)
         org.asynchttpclient.netty.SimpleChannelFutureListener.operationComplete(SimpleChannelFutureListener.java:28)
         org.asynchttpclient.netty.SimpleChannelFutureListener.operationComplete(SimpleChannelFutureListener.java:20)
         io.netty.util.concurrent.DefaultPromise.notifyListener0(DefaultPromise.java:578)
         [...]
       Caused by: io.netty.channel.AbstractChannel$AnnotatedConnectException: Connection refused: no further information: localhost/0:0:0:0:0:0:0:1:5181
         java.base/sun.nio.ch.SocketChannelImpl.checkConnect(Native Method)
         java.base/sun.nio.ch.SocketChannelImpl.finishConnect(SocketChannelImpl.java:777)
         io.netty.channel.socket.nio.NioSocketChannel.doFinishConnect(NioSocketChannel.java:337)
         io.netty.channel.nio.AbstractNioChannel$AbstractNioUnsafe.finishConnect(AbstractNioChannel.java:334)
         io.netty.channel.nio.NioEventLoop.processSelectedKey(NioEventLoop.java:776)
         [...]
  JUnit Jupiter:Testing Tools Menu-Icons Test
    ClassSource [className = 'ru.cs.tdm.cases.HeadRef', filePosition = null]
    => org.openqa.selenium.remote.UnreachableBrowserException: Error communicating with the remote browser. It may have died.
Build info: version: '4.7.2', revision: '4d4020c3b7'
System info: os.name: 'Windows 10', os.arch: 'amd64', os.version: '10.0', java.version: '11.0.14.1'
Driver info: org.openqa.selenium.chrome.ChromeDriver
Command: [27ea42f47e5a5a7edda8776ae3e01c0d, actions {actions=[org.openqa.selenium.interactions.Sequence@1be65b68]}]
Capabilities {acceptInsecureCerts: false, browserName: chrome, browserVersion: 108.0.5359.125, chrome: {chromedriverVersion: 108.0.5359.71 (1e0e3868ee06..., userDataDir: C:\Users\CSoft\AppData\Loca...}, goog:chromeOptions: {debuggerAddress: localhost:54866}, networkConnectionEnabled: false, pageLoadStrategy: normal, platformName: WINDOWS, proxy: Proxy(), se:cdp: ws://localhost:54866/devtoo..., se:cdpVersion: 108.0.5359.125, setWindowRect: true, strictFileInteractability: false, timeouts: {implicit: 0, pageLoad: 300000, script: 30000}, unhandledPromptBehavior: dismiss and notify, webauthn:extension:credBlob: true, webauthn:extension:largeBlob: true, webauthn:virtualAuthenticators: true}
Session ID: 27ea42f47e5a5a7edda8776ae3e01c0d
       org.openqa.selenium.remote.RemoteWebDriver.execute(RemoteWebDriver.java:559)
       org.openqa.selenium.remote.RemoteWebDriver.perform(RemoteWebDriver.java:603)
       org.openqa.selenium.interactions.Actions$BuiltAction.perform(Actions.java:567)
       org.openqa.selenium.interactions.Actions.perform(Actions.java:536)
       ru.cs.tdm.code.Tools.closeEsc(Tools.kt:140)
       [...]
     Caused by: java.io.UncheckedIOException: java.net.ConnectException: Connection refused: no further information: localhost/0:0:0:0:0:0:0:1:5181
       org.openqa.selenium.remote.http.netty.NettyHttpHandler.makeCall(NettyHttpHandler.java:73)
       org.openqa.selenium.remote.http.AddSeleniumUserAgent.lambda$apply$0(AddSeleniumUserAgent.java:42)
       org.openqa.selenium.remote.http.Filter.lambda$andFinally$1(Filter.java:56)
       org.openqa.selenium.remote.http.netty.NettyHttpHandler.execute(NettyHttpHandler.java:49)
       org.openqa.selenium.remote.http.AddSeleniumUserAgent.lambda$apply$0(AddSeleniumUserAgent.java:42)
       [...]
     Caused by: java.net.ConnectException: Connection refused: no further information: localhost/0:0:0:0:0:0:0:1:5181
       org.asynchttpclient.netty.channel.NettyConnectListener.onFailure(NettyConnectListener.java:179)
       org.asynchttpclient.netty.channel.NettyChannelConnector$1.onFailure(NettyChannelConnector.java:108)
       org.asynchttpclient.netty.SimpleChannelFutureListener.operationComplete(SimpleChannelFutureListener.java:28)
       org.asynchttpclient.netty.SimpleChannelFutureListener.operationComplete(SimpleChannelFutureListener.java:20)
       io.netty.util.concurrent.DefaultPromise.notifyListener0(DefaultPromise.java:578)
       [...]
     Caused by: io.netty.channel.AbstractChannel$AnnotatedConnectException: Connection refused: no further information: localhost/0:0:0:0:0:0:0:1:5181
       java.base/sun.nio.ch.SocketChannelImpl.checkConnect(Native Method)
       java.base/sun.nio.ch.SocketChannelImpl.finishConnect(SocketChannelImpl.java:777)
       io.netty.channel.socket.nio.NioSocketChannel.doFinishConnect(NioSocketChannel.java:337)
       io.netty.channel.nio.AbstractNioChannel$AbstractNioUnsafe.finishConnect(AbstractNioChannel.java:334)
       io.netty.channel.nio.NioEventLoop.processSelectedKey(NioEventLoop.java:776)
       [...]
-------------- стоп Head Повтор 23  --------------
-------------- старт User Повтор 23 ------------
